<?xml version="1.0" encoding="UTF-8"?>
<testsuite name="SendMessageTest" tests="1" skipped="0" failures="0" errors="0" timestamp="2022-12-20T03:02:51" hostname="Fredericks-MacBook-Air.local" time="0.01">
  <properties/>
  <testcase name="sendMessageTest()" classname="SendMessageTest" time="0.01"/>
  <system-out><![CDATA[Hi
]]></system-out>
  <system-err><![CDATA[]]></system-err>
</testsuite>
